Change Component Designator: OldDesignator=PWM1 NewDesignator=U1
Change Component Designator: OldDesignator=PWM2 NewDesignator=U2
Added Component: Designator=PWM1(BNC)
Add component. Clean all parameters for all variants
Added Component: Designator=PWM2(BNC)
Add component. Clean all parameters for all variants
Added Pin To Net: NetName=NetGD1_7 Pin=PWM1-1
Added Pin To Net: NetName=NetD1_2 Pin=PWM1-2
Added Pin To Net: NetName=NetD1_2 Pin=PWM1-2
Added Pin To Net: NetName=NetD1_2 Pin=PWM1-2
Added Pin To Net: NetName=NetD1_2 Pin=PWM1-2
Added Pin To Net: NetName=NetQ2_4 Pin=PWM2-1
Added Pin To Net: NetName=GND Pin=PWM2-2
Added Pin To Net: NetName=GND Pin=PWM2-2
Added Pin To Net: NetName=GND Pin=PWM2-2
Added Pin To Net: NetName=GND Pin=PWM2-2
Change Net Name : Old Net Name=NetPWM1_1 New Net Name=NetR3_2
Change Net Name : Old Net Name=NetPWM1_3 New Net Name=NetR1_2
Change Net Name : Old Net Name=NetPWM2_1 New Net Name=NetR4_1
Change Net Name : Old Net Name=NetPWM2_3 New Net Name=NetR2_2
Change Net Name : Old Net Name=NetQ2_4 New Net Name=NetPWM2_1
Added Member To Class: ClassName=EK2_SMPS Member=Component U1 LTC6992
Added Member To Class: ClassName=EK2_SMPS Member=Component U2 LTC6992
